Using pre-set license
Built from '2021.3/staging' branch; Version is '2021.3.18f1 (3129e69bc0c7) revision 3221990'; Using compiler version '192829333'; Build Type 'Release'
OS: 'Windows 10  (10.0.19044) 64bit Professional' Language: 'en' Physical Memory: 7488 MB
BatchMode: 1, IsHumanControllingUs: 0, StartBugReporterOnCrash: 0, Is64bit: 1, IsPro: 1

COMMAND LINE ARGUMENTS:
C:\Program Files\Unity\Hub\Editor\2021.3.18f1\Editor\Unity.exe
-adb2
-batchMode
-noUpm
-name
AssetImportWorker1
-projectPath
D:/BazookaGame/Bazooka Game
-logFile
Logs/AssetImportWorker1.log
-srvPort
57701
Successfully changed project path to: D:/BazookaGame/Bazooka Game
D:/BazookaGame/Bazooka Game
[UnityMemory] Configuration Parameters - Can be set up in boot.config
    "memorysetup-bucket-allocator-granularity=16"
    "memorysetup-bucket-allocator-bucket-count=8"
    "memorysetup-bucket-allocator-block-size=33554432"
    "memorysetup-bucket-allocator-block-count=8"
    "memorysetup-main-allocator-block-size=16777216"
    "memorysetup-thread-allocator-block-size=16777216"
    "memorysetup-gfx-main-allocator-block-size=16777216"
    "memorysetup-gfx-thread-allocator-block-size=16777216"
    "memorysetup-cache-allocator-block-size=4194304"
    "memorysetup-typetree-allocator-block-size=2097152"
    "memorysetup-profiler-bucket-allocator-granularity=16"
    "memorysetup-profiler-bucket-allocator-bucket-count=8"
    "memorysetup-profiler-bucket-allocator-block-size=33554432"
    "memorysetup-profiler-bucket-allocator-block-count=8"
    "memorysetup-profiler-allocator-block-size=16777216"
    "memorysetup-profiler-editor-allocator-block-size=1048576"
    "memorysetup-temp-allocator-size-main=16777216"
    "memorysetup-job-temp-allocator-block-size=2097152"
    "memorysetup-job-temp-allocator-block-size-background=1048576"
    "memorysetup-job-temp-allocator-reduction-small-platforms=262144"
    "memorysetup-temp-allocator-size-background-worker=32768"
    "memorysetup-temp-allocator-size-job-worker=262144"
    "memorysetup-temp-allocator-size-preload-manager=33554432"
    "memorysetup-temp-allocator-size-nav-mesh-worker=65536"
    "memorysetup-temp-allocator-size-audio-worker=65536"
    "memorysetup-temp-allocator-size-cloud-worker=32768"
    "memorysetup-temp-allocator-size-gi-baking-worker=262144"
    "memorysetup-temp-allocator-size-gfx=262144"
Player connection [14964] Host "[IP] 192.168.1.102 [Port] 0 [Flags] 2 [Guid] 2917172398 [EditorId] 2917172398 [Version] 1048832 [Id] WindowsEditor(7,ZAZI) [Debug] 1 [PackageName] WindowsEditor [ProjectName] Editor" joined multi-casting on [225.0.0.222:54997]...

Player connection [14964] Host "[IP] 192.168.1.102 [Port] 0 [Flags] 2 [Guid] 2917172398 [EditorId] 2917172398 [Version] 1048832 [Id] WindowsEditor(7,ZAZI) [Debug] 1 [PackageName] WindowsEditor [ProjectName] Editor" joined alternative multi-casting on [225.0.0.222:34997]...

Refreshing native plugins compatible for Editor in 92.61 ms, found 3 plugins.
Preloading 0 native plugins for Editor in 0.00 ms.
Initialize engine version: 2021.3.18f1 (3129e69bc0c7)
[Subsystems] Discovering subsystems at path C:/Program Files/Unity/Hub/Editor/2021.3.18f1/Editor/Data/Resources/UnitySubsystems
[Subsystems] Discovering subsystems at path D:/BazookaGame/Bazooka Game/Assets
GfxDevice: creating device client; threaded=0; jobified=0
Direct3D:
    Version:  Direct3D 11.0 [level 11.1]
    Renderer: AMD Radeon(TM) Graphics (ID=0x164c)
    Vendor:   ATI
    VRAM:     3744 MB
    Driver:   27.20.15022.8
Initialize mono
Mono path[0] = 'C:/Program Files/Unity/Hub/Editor/2021.3.18f1/Editor/Data/Managed'
Mono path[1] = 'C:/Program Files/Unity/Hub/Editor/2021.3.18f1/Editor/Data/MonoBleedingEdge/lib/mono/unityjit-win32'
Mono config path = 'C:/Program Files/Unity/Hub/Editor/2021.3.18f1/Editor/Data/MonoBleedingEdge/etc'
Using monoOptions --debugger-agent=transport=dt_socket,embedding=1,server=y,suspend=n,address=127.0.0.1:56992
Begin MonoManager ReloadAssembly
Registering precompiled unity dll's ...
Register platform support module: C:/Program Files/Unity/Hub/Editor/2021.3.18f1/Editor/Data/PlaybackEngines/WebGLSupport/UnityEditor.WebGL.Extensions.dll
Register platform support module: C:/Program Files/Unity/Hub/Editor/2021.3.18f1/Editor/Data/PlaybackEngines/WindowsStandaloneSupport/UnityEditor.WindowsStandalone.Extensions.dll
Registered in 0.009215 seconds.
Native extension for WindowsStandalone target not found
Native extension for WebGL target not found
Refreshing native plugins compatible for Editor in 106.96 ms, found 3 plugins.
Preloading 0 native plugins for Editor in 0.00 ms.
Mono: successfully reloaded assembly
- Completed reload, in  0.958 seconds
Domain Reload Profiling:
	ReloadAssembly (959ms)
		BeginReloadAssembly (131ms)
			ExecutionOrderSort (0ms)
			DisableScriptedObjects (0ms)
			BackupInstance (0ms)
			ReleaseScriptingObjects (0ms)
			CreateAndSetChildDomain (2ms)
		EndReloadAssembly (681ms)
			LoadAssemblies (126ms)
			RebuildTransferFunctionScriptingTraits (0ms)
			SetupTypeCache (167ms)
			ReleaseScriptCaches (0ms)
			RebuildScriptCaches (56ms)
			SetupLoadedEditorAssemblies (392ms)
				LogAssemblyErrors (0ms)
				InitializePlatformSupportModulesInManaged (16ms)
				SetLoadedEditorAssemblies (0ms)
				RefreshPlugins (107ms)
				BeforeProcessingInitializeOnLoad (1ms)
				ProcessInitializeOnLoadAttributes (202ms)
				ProcessInitializeOnLoadMethodAttributes (66ms)
				AfterProcessingInitializeOnLoad (0ms)
				EditorAssembliesLoaded (0ms)
			ExecutionOrderSort2 (0ms)
			AwakeInstancesAfterBackupRestoration (0ms)
Platform modules already initialized, skipping
Registering precompiled user dll's ...
Registered in 0.003712 seconds.
Begin MonoManager ReloadAssembly
Symbol file LoadedFromMemory doesn't match image D:\BazookaGame\Bazooka Game\Library\PackageCache\com.unity.visualscripting@1.8.0\Editor\VisualScripting.Core\Dependencies\YamlDotNet\Unity.VisualScripting.YamlDotNet.dll
Symbol file LoadedFromMemory doesn't match image D:\BazookaGame\Bazooka Game\Library\PackageCache\com.unity.visualscripting@1.8.0\Editor\VisualScripting.Core\Dependencies\DotNetZip\Unity.VisualScripting.IonicZip.dll
Native extension for WindowsStandalone target not found
Native extension for WebGL target not found
Refreshing native plugins compatible for Editor in 1.05 ms, found 3 plugins.
Preloading 0 native plugins for Editor in 0.00 ms.
System.Exception: Error! Visual Scripting: couldn't find visual scripting package
  at Unity.VisualScripting.PackageVersionUtility.get_version () [0x00043] in D:\BazookaGame\Bazooka Game\Library\PackageCache\com.unity.visualscripting@1.8.0\Editor\VisualScripting.Core\Utilities\PackageVersionUtility.cs:31 
  at Unity.VisualScripting.BoltCoreManifest.get_version () [0x00000] in D:\BazookaGame\Bazooka Game\Library\PackageCache\com.unity.visualscripting@1.8.0\Editor\VisualScripting.Core\Plugin\BoltCoreManifest.cs:11 
  at Unity.VisualScripting.PluginManifest.get_currentVersion () [0x00000] in D:\BazookaGame\Bazooka Game\Library\PackageCache\com.unity.visualscripting@1.8.0\Editor\VisualScripting.Core\Plugins\PluginManifest.cs:33 
  at Unity.VisualScripting.PluginManifest.get_versionMismatch () [0x00000] in D:\BazookaGame\Bazooka Game\Library\PackageCache\com.unity.visualscripting@1.8.0\Editor\VisualScripting.Core\Plugins\PluginManifest.cs:48 
  at Unity.VisualScripting.PluginContainer.Initialize () [0x00525] in D:\BazookaGame\Bazooka Game\Library\PackageCache\com.unity.visualscripting@1.8.0\Editor\VisualScripting.Core\Plugins\PluginContainer.cs:208 
  at Unity.VisualScripting.PluginContainer.InitializeOnLoad () [0x00009] in D:\BazookaGame\Bazooka Game\Library\PackageCache\com.unity.visualscripting@1.8.0\Editor\VisualScripting.Core\Plugins\PluginContainer.cs:32 
  at Unity.VisualScripting.VSUsageUtility.DoInitializeOnLoadCalls () [0x00034] in D:\BazookaGame\Bazooka Game\Library\PackageCache\com.unity.visualscripting@1.8.0\Editor\VisualScripting.Core\Utilities\VSUsageUtility.cs:76 
  at Unity.VisualScripting.VSUsageUtility.set_isVisualScriptingUsed (System.Boolean value) [0x0002c] in D:\BazookaGame\Bazooka Game\Library\PackageCache\com.unity.visualscripting@1.8.0\Editor\VisualScripting.Core\Utilities\VSUsageUtility.cs:114 
  at Unity.VisualScripting.VSUsageUtility.CheckAndSetIsVisualScriptingUsed () [0x00032] in D:\BazookaGame\Bazooka Game\Library\PackageCache\com.unity.visualscripting@1.8.0\Editor\VisualScripting.Core\Utilities\VSUsageUtility.cs:48 
  at Unity.VisualScripting.VSUsageUtility..cctor () [0x00000] in D:\BazookaGame\Bazooka Game\Library\PackageCache\com.unity.visualscripting@1.8.0\Editor\VisualScripting.Core\Utilities\VSUsageUtility.cs:22 
UnityEngine.StackTraceUtility:ExtractStackTrace ()
UnityEngine.DebugLogHandler:LogFormat (UnityEngine.LogType,UnityEngine.Object,string,object[])
UnityEngine.Logger:Log (UnityEngine.LogType,object)
UnityEngine.Debug:LogError (object)
UnityEditor.EditorAssemblies:ProcessInitializeOnLoadAttributes (System.Type[])

Mono: successfully reloaded assembly
- Completed reload, in  2.017 seconds
Domain Reload Profiling:
	ReloadAssembly (2018ms)
		BeginReloadAssembly (206ms)
			ExecutionOrderSort (0ms)
			DisableScriptedObjects (6ms)
			BackupInstance (0ms)
			ReleaseScriptingObjects (1ms)
			CreateAndSetChildDomain (37ms)
		EndReloadAssembly (1671ms)
			LoadAssemblies (157ms)
			RebuildTransferFunctionScriptingTraits (0ms)
			SetupTypeCache (427ms)
			ReleaseScriptCaches (1ms)
			RebuildScriptCaches (107ms)
			SetupLoadedEditorAssemblies (965ms)
				LogAssemblyErrors (0ms)
				InitializePlatformSupportModulesInManaged (12ms)
				SetLoadedEditorAssemblies (1ms)
				RefreshPlugins (1ms)
				BeforeProcessingInitializeOnLoad (128ms)
				ProcessInitializeOnLoadAttributes (793ms)
				ProcessInitializeOnLoadMethodAttributes (19ms)
				AfterProcessingInitializeOnLoad (10ms)
				EditorAssembliesLoaded (0ms)
			ExecutionOrderSort2 (0ms)
			AwakeInstancesAfterBackupRestoration (8ms)
Platform modules already initialized, skipping
========================================================================
Worker process is ready to serve import requests
Launched and connected shader compiler UnityShaderCompiler.exe after 0.07 seconds
Refreshing native plugins compatible for Editor in 0.96 ms, found 3 plugins.
Preloading 0 native plugins for Editor in 0.00 ms.
Unloading 3059 Unused Serialized files (Serialized files now loaded: 0)
Unloading 23 unused Assets / (87.5 KB). Loaded Objects now: 3533.
Memory consumption went from 182.1 MB to 182.0 MB.
Total: 14.552700 ms (FindLiveObjects: 0.467900 ms CreateObjectMapping: 0.186800 ms MarkObjects: 13.620100 ms  DeleteObjects: 0.274200 ms)

AssetImportParameters requested are different than current active one (requested -> active):
  custom:video-decoder-ogg-theora: a1e56fd34408186e4bbccfd4996cb3dc -> 
  custom:container-muxer-webm: aa71ff27fc2769a1b78a27578f13a17b -> 
  custom:container-demuxer-webm: 4f35f7cbe854078d1ac9338744f61a02 -> 
  custom:video-encoder-webm-vp8: eb34c28f22e8b96e1ab97ce403110664 -> 
  custom:audio-encoder-webm-vorbis: bf7c407c2cedff20999df2af8eb42d56 -> 
  custom:framework-win-MediaFoundation: 216162199b28c13a410421893ffa2e32 -> 
  custom:container-demuxer-ogg: 62fdf1f143b41e24485cea50d1cbac27 -> 
  custom:video-decoder-webm-vp8: 9c59270c3fd7afecdb556c50c9e8de78 -> 
  custom:audio-decoder-ogg-vorbis: bf7c407c2cedff20999df2af8eb42d56 -> 
========================================================================
Received Import Request.
  Time since last request: 665237.275112 seconds.
  path: Assets/AssetsPacks/Stones_and_buried_treasure/Prefabs/Barrel_Closed.prefab
  artifactKey: Guid(4d272402a09cecd42a5f9f5d73589fc7) Importer(815301076,1909f56bfc062723c751e8b465ee728b)
Start importing Assets/AssetsPacks/Stones_and_buried_treasure/Prefabs/Barrel_Closed.prefab using Guid(4d272402a09cecd42a5f9f5d73589fc7) Importer(815301076,1909f56bfc062723c751e8b465ee728b)  -> (artifact id: '3be42ce6cbf2b71b1d68aee6a486e999') in 0.196503 seconds 
========================================================================
Received Import Request.
  Time since last request: 0.000061 seconds.
  path: Assets/AssetsPacks/Stones_and_buried_treasure/Prefabs/Stone_10.prefab
  artifactKey: Guid(df00b95dd377f8f4fa6a75377aa47a42) Importer(815301076,1909f56bfc062723c751e8b465ee728b)
Start importing Assets/AssetsPacks/Stones_and_buried_treasure/Prefabs/Stone_10.prefab using Guid(df00b95dd377f8f4fa6a75377aa47a42) Importer(815301076,1909f56bfc062723c751e8b465ee728b)  -> (artifact id: '4114702fe7b4508708f27721cb338ba6') in 0.025533 seconds 
========================================================================
Received Import Request.
  Time since last request: 0.000086 seconds.
  path: Assets/AssetsPacks/Stones_and_buried_treasure/Prefabs/Sword.prefab
  artifactKey: Guid(b116d663e63776b498d940fc62356957) Importer(815301076,1909f56bfc062723c751e8b465ee728b)
Start importing Assets/AssetsPacks/Stones_and_buried_treasure/Prefabs/Sword.prefab using Guid(b116d663e63776b498d940fc62356957) Importer(815301076,1909f56bfc062723c751e8b465ee728b)  -> (artifact id: '2818be10094da8cd9d413c9940a83467') in 0.032401 seconds 
========================================================================
Received Import Request.
  Time since last request: 0.000048 seconds.
  path: Assets/AssetsPacks/Stones_and_buried_treasure/Prefabs/Stone_11.prefab
  artifactKey: Guid(8b49696b2432a634e9f45dd8ad4aab80) Importer(815301076,1909f56bfc062723c751e8b465ee728b)
Start importing Assets/AssetsPacks/Stones_and_buried_treasure/Prefabs/Stone_11.prefab using Guid(8b49696b2432a634e9f45dd8ad4aab80) Importer(815301076,1909f56bfc062723c751e8b465ee728b)  -> (artifact id: '580fd629ba8a1a1bd77fc5ea80d60a00') in 0.028917 seconds 
========================================================================
Received Import Request.
  Time since last request: 0.000044 seconds.
  path: Assets/AssetsPacks/Stones_and_buried_treasure/Prefabs/Ground.prefab
  artifactKey: Guid(0ed7946982320464596b995b61ecdf34) Importer(815301076,1909f56bfc062723c751e8b465ee728b)
Start importing Assets/AssetsPacks/Stones_and_buried_treasure/Prefabs/Ground.prefab using Guid(0ed7946982320464596b995b61ecdf34) Importer(815301076,1909f56bfc062723c751e8b465ee728b)  -> (artifact id: 'ba3d37b5003906ba79845a3777c9663f') in 0.026117 seconds 
========================================================================
Received Import Request.
  Time since last request: 0.000045 seconds.
  path: Assets/AssetsPacks/Stones_and_buried_treasure/Prefabs/Ruby.prefab
  artifactKey: Guid(20df3b3bdddb94f47b7d2e59e491ff51) Importer(815301076,1909f56bfc062723c751e8b465ee728b)
Start importing Assets/AssetsPacks/Stones_and_buried_treasure/Prefabs/Ruby.prefab using Guid(20df3b3bdddb94f47b7d2e59e491ff51) Importer(815301076,1909f56bfc062723c751e8b465ee728b)  -> (artifact id: '510a5560c39e6cb7bc2d1511ea813892') in 0.025287 seconds 
========================================================================
Received Import Request.
  Time since last request: 0.000078 seconds.
  path: Assets/AssetsPacks/Stones_and_buried_treasure/Prefabs/Elixir_Of_Mana.prefab
  artifactKey: Guid(32ef5384bf03a5c459962867b76db0cf) Importer(815301076,1909f56bfc062723c751e8b465ee728b)
Start importing Assets/AssetsPacks/Stones_and_buried_treasure/Prefabs/Elixir_Of_Mana.prefab using Guid(32ef5384bf03a5c459962867b76db0cf) Importer(815301076,1909f56bfc062723c751e8b465ee728b)  -> (artifact id: 'bd32d6c6f034b037b1c063d430858c70') in 0.029034 seconds 
========================================================================
Received Import Request.
  Time since last request: 0.000055 seconds.
  path: Assets/AssetsPacks/Stones_and_buried_treasure/Prefabs/Chest_Open.prefab
  artifactKey: Guid(33bf31b2b982a14499d546025065ad22) Importer(815301076,1909f56bfc062723c751e8b465ee728b)
Start importing Assets/AssetsPacks/Stones_and_buried_treasure/Prefabs/Chest_Open.prefab using Guid(33bf31b2b982a14499d546025065ad22) Importer(815301076,1909f56bfc062723c751e8b465ee728b)  -> (artifact id: '3e0afc82d286d2e0f2bc0ab27c74a816') in 0.034589 seconds 
========================================================================
Received Import Request.
  Time since last request: 0.000091 seconds.
  path: Assets/AssetsPacks/Stones_and_buried_treasure/Prefabs/Stone_3.prefab
  artifactKey: Guid(fca867e93da64f84c8cc00bde5b816f0) Importer(815301076,1909f56bfc062723c751e8b465ee728b)
Start importing Assets/AssetsPacks/Stones_and_buried_treasure/Prefabs/Stone_3.prefab using Guid(fca867e93da64f84c8cc00bde5b816f0) Importer(815301076,1909f56bfc062723c751e8b465ee728b)  -> (artifact id: 'd06dc461799019616c8416f728a699de') in 0.027064 seconds 
========================================================================
Received Import Request.
  Time since last request: 0.000195 seconds.
  path: Assets/AssetsPacks/Stones_and_buried_treasure/Prefabs/小rystal_4.prefab
  artifactKey: Guid(e6911a57b4d95ba4f86e3e41e5a9fcac) Importer(815301076,1909f56bfc062723c751e8b465ee728b)
Start importing Assets/AssetsPacks/Stones_and_buried_treasure/Prefabs/小rystal_4.prefab using Guid(e6911a57b4d95ba4f86e3e41e5a9fcac) Importer(815301076,1909f56bfc062723c751e8b465ee728b)  -> (artifact id: '80d02f896b7b7d1bfabb0ffe35440a85') in 0.031331 seconds 
========================================================================
Received Import Request.
  Time since last request: 0.000045 seconds.
  path: Assets/AssetsPacks/Stones_and_buried_treasure/Prefabs/Pick.prefab
  artifactKey: Guid(6191d242d97347540a6f4263049bdfed) Importer(815301076,1909f56bfc062723c751e8b465ee728b)
Start importing Assets/AssetsPacks/Stones_and_buried_treasure/Prefabs/Pick.prefab using Guid(6191d242d97347540a6f4263049bdfed) Importer(815301076,1909f56bfc062723c751e8b465ee728b)  -> (artifact id: 'ce47c10d328b5fcafbb718e0a0703803') in 0.034811 seconds 
========================================================================
Received Import Request.
  Time since last request: 0.000095 seconds.
  path: Assets/AssetsPacks/Stones_and_buried_treasure/Prefabs/Stone_17.prefab
  artifactKey: Guid(56c471fa60a91ff47aad2dc54e7d196a) Importer(815301076,1909f56bfc062723c751e8b465ee728b)
Start importing Assets/AssetsPacks/Stones_and_buried_treasure/Prefabs/Stone_17.prefab using Guid(56c471fa60a91ff47aad2dc54e7d196a) Importer(815301076,1909f56bfc062723c751e8b465ee728b)  -> (artifact id: 'd5e4a605c654f260bd1476483915ec20') in 0.034272 seconds 
========================================================================
Received Import Request.
  Time since last request: 0.000051 seconds.
  path: Assets/AssetsPacks/Stones_and_buried_treasure/Prefabs/Rocks_and_grass_1.prefab
  artifactKey: Guid(83561575068bf2042a4f289885d89d2f) Importer(815301076,1909f56bfc062723c751e8b465ee728b)
Start importing Assets/AssetsPacks/Stones_and_buried_treasure/Prefabs/Rocks_and_grass_1.prefab using Guid(83561575068bf2042a4f289885d89d2f) Importer(815301076,1909f56bfc062723c751e8b465ee728b)  -> (artifact id: 'bb8a07f94f8273c1665db20e7a57c37c') in 0.036483 seconds 
========================================================================
Received Import Request.
  Time since last request: 0.000070 seconds.
  path: Assets/AssetsPacks/Stones_and_buried_treasure/Prefabs/Bone.prefab
  artifactKey: Guid(11be0398bf08b574c839d66a800c6174) Importer(815301076,1909f56bfc062723c751e8b465ee728b)
Start importing Assets/AssetsPacks/Stones_and_buried_treasure/Prefabs/Bone.prefab using Guid(11be0398bf08b574c839d66a800c6174) Importer(815301076,1909f56bfc062723c751e8b465ee728b)  -> (artifact id: '129d60545121faf7b96e79c621ae45fe') in 0.042743 seconds 
========================================================================
Received Import Request.
  Time since last request: 0.000099 seconds.
  path: Assets/AssetsPacks/Stones_and_buried_treasure/Prefabs/Stone_1.prefab
  artifactKey: Guid(9db57954271991a4f84773d7d31e291b) Importer(815301076,1909f56bfc062723c751e8b465ee728b)
Start importing Assets/AssetsPacks/Stones_and_buried_treasure/Prefabs/Stone_1.prefab using Guid(9db57954271991a4f84773d7d31e291b) Importer(815301076,1909f56bfc062723c751e8b465ee728b)  -> (artifact id: '73a7f5d4bcd329831156f21919f5c702') in 0.038269 seconds 
========================================================================
Received Import Request.
  Time since last request: 0.000146 seconds.
  path: Assets/AssetsPacks/Stones_and_buried_treasure/Prefabs/Chest_Closed.prefab
  artifactKey: Guid(64284ca1518bc524492fa4fc9e82ce94) Importer(815301076,1909f56bfc062723c751e8b465ee728b)
Start importing Assets/AssetsPacks/Stones_and_buried_treasure/Prefabs/Chest_Closed.prefab using Guid(64284ca1518bc524492fa4fc9e82ce94) Importer(815301076,1909f56bfc062723c751e8b465ee728b)  -> (artifact id: '5888acfc00cc9d6171427b6edcf97943') in 0.052599 seconds 
========================================================================
Received Import Request.
  Time since last request: 0.000371 seconds.
  path: Assets/AssetsPacks/Stones_and_buried_treasure/Prefabs/Barrel_Open.prefab
  artifactKey: Guid(2d561752e6200834db6fb19d8d3220b2) Importer(815301076,1909f56bfc062723c751e8b465ee728b)
Start importing Assets/AssetsPacks/Stones_and_buried_treasure/Prefabs/Barrel_Open.prefab using Guid(2d561752e6200834db6fb19d8d3220b2) Importer(815301076,1909f56bfc062723c751e8b465ee728b)  -> (artifact id: '1e14e9a95e7e3b4e1fd7d9ac2b5f5744') in 0.062412 seconds 
========================================================================
Received Import Request.
  Time since last request: 0.000116 seconds.
  path: Assets/AssetsPacks/Stones_and_buried_treasure/Prefabs/Box.prefab
  artifactKey: Guid(c3ac01a483bb3fd4fac43624af451255) Importer(815301076,1909f56bfc062723c751e8b465ee728b)
Start importing Assets/AssetsPacks/Stones_and_buried_treasure/Prefabs/Box.prefab using Guid(c3ac01a483bb3fd4fac43624af451255) Importer(815301076,1909f56bfc062723c751e8b465ee728b)  -> (artifact id: '6b5405639fe34d515999c45689c2ed29') in 0.036652 seconds 
========================================================================
Received Import Request.
  Time since last request: 0.000062 seconds.
  path: Assets/AssetsPacks/Stones_and_buried_treasure/Prefabs/Rocks_and_grass_2.prefab
  artifactKey: Guid(97291d2df068db2439009ca97285ddff) Importer(815301076,1909f56bfc062723c751e8b465ee728b)
Start importing Assets/AssetsPacks/Stones_and_buried_treasure/Prefabs/Rocks_and_grass_2.prefab using Guid(97291d2df068db2439009ca97285ddff) Importer(815301076,1909f56bfc062723c751e8b465ee728b)  -> (artifact id: 'a5b4fa899a90415557fd2f1571eeb20a') in 0.045711 seconds 
========================================================================
Received Import Request.
  Time since last request: 0.000144 seconds.
  path: Assets/AssetsPacks/Stones_and_buried_treasure/Prefabs/Stone_9.prefab
  artifactKey: Guid(74bece5c87deaa946b1d5c129a3123af) Importer(815301076,1909f56bfc062723c751e8b465ee728b)
Start importing Assets/AssetsPacks/Stones_and_buried_treasure/Prefabs/Stone_9.prefab using Guid(74bece5c87deaa946b1d5c129a3123af) Importer(815301076,1909f56bfc062723c751e8b465ee728b)  -> (artifact id: '0ab8af4877d796c8e2f519bbd0c46996') in 0.033676 seconds 
========================================================================
Received Import Request.
  Time since last request: 0.000093 seconds.
  path: Assets/AssetsPacks/Stones_and_buried_treasure/Prefabs/Stone_16.prefab
  artifactKey: Guid(e992049e0e5f23b48ade8c906dc252c6) Importer(815301076,1909f56bfc062723c751e8b465ee728b)
Start importing Assets/AssetsPacks/Stones_and_buried_treasure/Prefabs/Stone_16.prefab using Guid(e992049e0e5f23b48ade8c906dc252c6) Importer(815301076,1909f56bfc062723c751e8b465ee728b)  -> (artifact id: '1d95efbe542d2a3736648f0731b33325') in 0.033330 seconds 
========================================================================
Received Import Request.
  Time since last request: 0.000072 seconds.
  path: Assets/AssetsPacks/Stones_and_buried_treasure/Prefabs/Key.prefab
  artifactKey: Guid(5f19be0067756ea45bd6b780e9794b80) Importer(815301076,1909f56bfc062723c751e8b465ee728b)
Start importing Assets/AssetsPacks/Stones_and_buried_treasure/Prefabs/Key.prefab using Guid(5f19be0067756ea45bd6b780e9794b80) Importer(815301076,1909f56bfc062723c751e8b465ee728b)  -> (artifact id: '031284b5cbb8fa8331e40982f55683d2') in 0.038669 seconds 
========================================================================
Received Import Request.
  Time since last request: 0.000133 seconds.
  path: Assets/AssetsPacks/Stones_and_buried_treasure/Prefabs/小rystal_2.prefab
  artifactKey: Guid(54c295819cbc940479f443cf807656ea) Importer(815301076,1909f56bfc062723c751e8b465ee728b)
Start importing Assets/AssetsPacks/Stones_and_buried_treasure/Prefabs/小rystal_2.prefab using Guid(54c295819cbc940479f443cf807656ea) Importer(815301076,1909f56bfc062723c751e8b465ee728b)  -> (artifact id: 'c150beee7bdbac1e0b083621c84bfa52') in 0.035317 seconds 
Editor requested this worker to shutdown with reason: Scaling down because of idle timeout
AssetImportWorker is now disconnected from the server
Process exiting
Exiting without the bug reporter. Application will terminate with return code 0